0 info it worked if it ends with ok
1 verbose cli [ '/home/gabriel/.nvm/versions/node/v6.9.1/bin/node',
1 verbose cli   '/home/gabriel/.nvm/versions/node/v6.9.1/bin/npm',
1 verbose cli   'publish',
1 verbose cli   '--access=public' ]
2 info using npm@3.10.8
3 info using node@v6.9.1
4 verbose publish [ '.' ]
5 silly cache add args [ '.', null ]
6 verbose cache add spec .
7 silly cache add parsed spec Result {
7 silly cache add   raw: '.',
7 silly cache add   scope: null,
7 silly cache add   escapedName: null,
7 silly cache add   name: null,
7 silly cache add   rawSpec: '.',
7 silly cache add   spec: '/home/gabriel/theVelopment/validator',
7 silly cache add   type: 'directory' }
8 verbose addLocalDirectory /home/gabriel/.npm/thevelops-validator/1.0.4/package.tgz not in flight; packing
9 verbose correctMkdir /home/gabriel/.npm correctMkdir not in flight; initializing
10 info lifecycle thevelops-validator@1.0.4~prepublish: thevelops-validator@1.0.4
11 silly lifecycle thevelops-validator@1.0.4~prepublish: no script for prepublish, continuing
12 verbose tar pack [ '/home/gabriel/.npm/thevelops-validator/1.0.4/package.tgz',
12 verbose tar pack   '/home/gabriel/theVelopment/validator' ]
13 verbose tarball /home/gabriel/.npm/thevelops-validator/1.0.4/package.tgz
14 verbose folder /home/gabriel/theVelopment/validator
15 verbose addLocalTarball adding from inside cache /home/gabriel/.npm/thevelops-validator/1.0.4/package.tgz
16 verbose correctMkdir /home/gabriel/.npm correctMkdir not in flight; initializing
17 silly cache afterAdd thevelops-validator@1.0.4
18 verbose afterAdd /home/gabriel/.npm/thevelops-validator/1.0.4/package/package.json not in flight; writing
19 verbose correctMkdir /home/gabriel/.npm correctMkdir not in flight; initializing
20 verbose afterAdd /home/gabriel/.npm/thevelops-validator/1.0.4/package/package.json written
21 silly publish { name: 'thevelops-validator',
21 silly publish   version: '1.0.4',
21 silly publish   description: 'Form validator',
21 silly publish   main: 'index.js',
21 silly publish   repository:
21 silly publish    { type: 'git',
21 silly publish      url: 'git+https://github.com/gabrielfurlan/validator.git' },
21 silly publish   author: { name: 'Coletivo Thevelops' },
21 silly publish   license: 'MIT',
21 silly publish   bugs: { url: 'https://github.com/gabrielfurlan/validator/issues' },
21 silly publish   homepage: 'https://github.com/gabrielfurlan/validator#readme',
21 silly publish   readme: '# Validator\nForm validator \n',
21 silly publish   readmeFilename: 'README.md',
21 silly publish   gitHead: '5e2bd8e930788925b2d9d5a3efe0a650bf6bd23b',
21 silly publish   _id: 'thevelops-validator@1.0.4',
21 silly publish   scripts: {},
21 silly publish   _shasum: '33fe8f0a2a85a361c859d10c8b914b015abd905e',
21 silly publish   _from: '.' }
22 verbose getPublishConfig undefined
23 silly mapToRegistry name thevelops-validator
24 silly mapToRegistry using default registry
25 silly mapToRegistry registry https://registry.npmjs.org/
26 silly mapToRegistry data Result {
26 silly mapToRegistry   raw: 'thevelops-validator',
26 silly mapToRegistry   scope: null,
26 silly mapToRegistry   escapedName: 'thevelops-validator',
26 silly mapToRegistry   name: 'thevelops-validator',
26 silly mapToRegistry   rawSpec: '',
26 silly mapToRegistry   spec: 'latest',
26 silly mapToRegistry   type: 'tag' }
27 silly mapToRegistry uri https://registry.npmjs.org/thevelops-validator
28 verbose publish registryBase https://registry.npmjs.org/
29 silly publish uploading /home/gabriel/.npm/thevelops-validator/1.0.4/package.tgz
30 verbose request uri https://registry.npmjs.org/thevelops-validator
31 verbose request sending authorization for write operation
32 info attempt registry request try #1 at 11:43:47
33 verbose request using bearer token for auth
34 verbose request id 6ffb89b02bb05cda
35 http request PUT https://registry.npmjs.org/thevelops-validator
36 http 403 https://registry.npmjs.org/thevelops-validator
37 verbose headers { 'content-type': 'application/json',
37 verbose headers   'cache-control': 'max-age=300',
37 verbose headers   'content-length': '95',
37 verbose headers   'accept-ranges': 'bytes',
37 verbose headers   date: 'Tue, 25 Apr 2017 14:43:48 GMT',
37 verbose headers   via: '1.1 varnish',
37 verbose headers   connection: 'keep-alive',
37 verbose headers   'x-served-by': 'cache-gru7122-GRU',
37 verbose headers   'x-cache': 'MISS',
37 verbose headers   'x-cache-hits': '0',
37 verbose headers   'x-timer': 'S1493131427.481737,VS0,VE852',
37 verbose headers   vary: 'Accept-Encoding' }
38 verbose request invalidating /home/gabriel/.npm/registry.npmjs.org/thevelops-validator on PUT
39 error publish Failed PUT 403
40 verbose stack Error: "You cannot publish over the previously published version 1.0.4." : thevelops-validator
40 verbose stack     at makeError (/home/gabriel/.nvm/versions/node/v6.9.1/lib/node_modules/npm/node_modules/npm-registry-client/lib/request.js:302:12)
40 verbose stack     at CachingRegistryClient.<anonymous> (/home/gabriel/.nvm/versions/node/v6.9.1/lib/node_modules/npm/node_modules/npm-registry-client/lib/request.js:290:14)
40 verbose stack     at Request._callback (/home/gabriel/.nvm/versions/node/v6.9.1/lib/node_modules/npm/node_modules/npm-registry-client/lib/request.js:210:14)
40 verbose stack     at Request.self.callback (/home/gabriel/.nvm/versions/node/v6.9.1/lib/node_modules/npm/node_modules/request/request.js:187:22)
40 verbose stack     at emitTwo (events.js:106:13)
40 verbose stack     at Request.emit (events.js:191:7)
40 verbose stack     at Request.<anonymous> (/home/gabriel/.nvm/versions/node/v6.9.1/lib/node_modules/npm/node_modules/request/request.js:1044:10)
40 verbose stack     at emitOne (events.js:96:13)
40 verbose stack     at Request.emit (events.js:188:7)
40 verbose stack     at IncomingMessage.<anonymous> (/home/gabriel/.nvm/versions/node/v6.9.1/lib/node_modules/npm/node_modules/request/request.js:965:12)
41 verbose statusCode 403
42 verbose pkgid thevelops-validator
43 verbose cwd /home/gabriel/theVelopment/validator
44 error Linux 4.4.0-72-generic
45 error argv "/home/gabriel/.nvm/versions/node/v6.9.1/bin/node" "/home/gabriel/.nvm/versions/node/v6.9.1/bin/npm" "publish" "--access=public"
46 error node v6.9.1
47 error npm  v3.10.8
48 error code E403
49 error "You cannot publish over the previously published version 1.0.4." : thevelops-validator
50 error If you need help, you may report this error at:
50 error     <https://github.com/npm/npm/issues>
51 verbose exit [ 1, true ]
